15:37:14  INFO  =================================================================
15:37:14  INFO  BCI Competition IV Dataset 2b — Full Exploration
15:37:14  INFO  =================================================================
15:37:14  INFO  Data directory : data
15:37:14  INFO  Output directory: results
15:37:14  INFO  
[1/9] Loading all subjects...
15:37:14  INFO  Found 9 subjects: [1, 2, 3, 4, 5, 6, 7, 8, 9]
15:37:14  INFO  Loading subject 01...
15:37:14  INFO    Subject 01 | session 1 | B0101T.gdf
15:38:49  INFO  =================================================================
15:38:49  INFO  BCI Competition IV Dataset 2b — Full Exploration
15:38:49  INFO  =================================================================
15:38:49  INFO  Data directory : data
15:38:49  INFO  Output directory: results
15:38:49  INFO  
[1/9] Loading all subjects...
15:38:49  INFO  Found 9 subjects: [1, 2, 3, 4, 5, 6, 7, 8, 9]
15:38:49  INFO  Loading subject 01...
15:38:49  INFO    Subject 01 | session 1 | B0101T.gdf
15:40:00  INFO  =================================================================
15:40:00  INFO  BCI Competition IV Dataset 2b — Full Exploration
15:40:00  INFO  =================================================================
15:40:00  INFO  Data directory : data
15:40:00  INFO  Output directory: results
15:40:00  INFO  
[1/9] Loading all subjects...
15:40:00  INFO  Found 9 subjects: [1, 2, 3, 4, 5, 6, 7, 8, 9]
15:40:00  INFO  Loading subject 01...
15:40:00  INFO    Subject 01 | session 1 | B0101T.gdf
15:40:01  INFO    Subject 01 | session 2 | B0102T.gdf
15:40:02  INFO    Subject 01 | session 3 | B0103T.gdf
15:40:03  INFO    Subject 01 | session 4 | B0104E.gdf
15:40:04  WARNING      Fallback event mapping used for B0104E.gdf
15:40:04  INFO    Subject 01 | session 5 | B0105E.gdf
15:40:05  WARNING      Fallback event mapping used for B0105E.gdf
15:44:36  INFO  =================================================================
15:44:36  INFO  BCI Competition IV Dataset 2b — Full Exploration
15:44:36  INFO  =================================================================
15:44:36  INFO  Data directory : data
15:44:36  INFO  Output directory: results
15:44:36  INFO  
[1/9] Loading all subjects...
15:45:03  INFO  =================================================================
15:45:03  INFO  BCI Competition IV Dataset 2b — Full Exploration
15:45:03  INFO  =================================================================
15:45:03  INFO  Data directory : data
15:45:03  INFO  Output directory: results
15:45:03  INFO  
[1/9] Loading all subjects...
15:45:22  INFO  =================================================================
15:45:22  INFO  BCI Competition IV Dataset 2b — Full Exploration
15:45:22  INFO  =================================================================
15:45:22  INFO  Data directory : data
15:45:22  INFO  Output directory: results
15:45:22  INFO  
[1/9] Loading all subjects...
15:45:50  INFO  =================================================================
15:45:50  INFO  BCI Competition IV Dataset 2b — Full Exploration
15:45:50  INFO  =================================================================
15:45:50  INFO  Data directory : data
15:45:50  INFO  Output directory: results
15:45:50  INFO  
[1/9] Loading all subjects...
15:45:50  INFO  Found 9 subjects: ['01', '02', '03', '04', '05', '06', '07', '08', '09']
15:47:02  INFO  =================================================================
15:47:02  INFO  BCI Competition IV Dataset 2b — Full Exploration
15:47:02  INFO  =================================================================
15:47:02  INFO  Data directory : data
15:47:02  INFO  Output directory: results
15:47:02  INFO  
[1/9] Loading all subjects...
15:47:02  INFO  Found 9 subjects: ['01', '02', '03', '04', '05', '06', '07', '08', '09']
15:47:02  INFO  Loading subject 01...
15:48:41  INFO  =================================================================
15:48:41  INFO  BCI Competition IV Dataset 2b — Full Exploration
15:48:41  INFO  =================================================================
15:48:41  INFO  Data directory : data
15:48:41  INFO  Output directory: results
15:48:41  INFO  
[1/9] Loading all subjects...
15:48:41  INFO  Found 9 subjects: ['01', '02', '03', '04', '05', '06', '07', '08', '09']
15:48:41  INFO  Loading subject 01...
15:50:16  INFO  =================================================================
15:50:16  INFO  BCI Competition IV Dataset 2b — Full Exploration
15:50:16  INFO  =================================================================
15:50:16  INFO  Data directory : data
15:50:16  INFO  Output directory: results
15:50:16  INFO  
[1/9] Loading all subjects...
15:50:16  INFO  Found 9 subjects: [1, 2, 3, 4, 5, 6, 7, 8, 9]
15:50:16  INFO  Loading subject 01...
15:50:16  INFO    Subject 01 | session 1 | B0101T.gdf
15:50:17  INFO    Subject 01 | session 2 | B0102T.gdf
15:50:17  INFO    Subject 01 | session 3 | B0103T.gdf
17:31:20  INFO  =================================================================
17:31:20  INFO  BCI Competition IV Dataset 2b — Full Exploration
17:31:20  INFO  =================================================================
17:31:20  INFO  Data directory : data
17:31:20  INFO  Output directory: results
17:31:20  INFO  
[1/9] Loading all subjects...
17:31:20  INFO  Found 9 subjects: [1, 2, 3, 4, 5, 6, 7, 8, 9]
17:31:20  INFO  Loading subject 01...
17:31:20  INFO    Subject 01 | session 1 | B0101T.gdf
17:31:21  INFO    Subject 01 | session 2 | B0102T.gdf
17:31:22  INFO    Subject 01 | session 3 | B0103T.gdf
17:33:39  INFO  =================================================================
17:33:39  INFO  BCI Competition IV Dataset 2b — Full Exploration
17:33:39  INFO  =================================================================
17:33:39  INFO  Data directory : data
17:33:39  INFO  Output directory: results
17:33:39  INFO  
[1/9] Loading all subjects...
17:33:39  INFO  Found 9 subjects: [1, 2, 3, 4, 5, 6, 7, 8, 9]
17:33:39  INFO  Loading subject 01...
17:33:39  INFO    Subject 01 | session 1 | B0101T.gdf
17:36:16  INFO  =================================================================
17:36:16  INFO  BCI Competition IV Dataset 2b — Full Exploration
17:36:16  INFO  =================================================================
17:36:16  INFO  Data directory : data
17:36:16  INFO  Output directory: results
17:36:16  INFO  
[1/9] Loading all subjects...
17:36:16  INFO  Found 9 subjects: [1, 2, 3, 4, 5, 6, 7, 8, 9]
17:36:16  INFO  Loading subject 01...
17:36:16  INFO    Subject 01 | session 1 | B0101T.gdf
17:36:17  INFO    Subject 01 | session 2 | B0102T.gdf
17:36:18  INFO    Subject 01 | session 3 | B0103T.gdf
17:41:54  INFO  =================================================================
17:41:54  INFO  BCI Competition IV Dataset 2b — Full Exploration
17:41:54  INFO  =================================================================
17:41:54  INFO  Data directory : data
17:41:54  INFO  Output directory: results
17:41:54  INFO  
[1/9] Loading all subjects...
17:41:54  INFO  Found 9 subjects: [1, 2, 3, 4, 5, 6, 7, 8, 9]
17:41:54  INFO  Loading subject 01...
17:41:54  INFO    Subject 01 | session 1 | B0101T.gdf
17:42:25  INFO  =================================================================
17:42:25  INFO  BCI Competition IV Dataset 2b — Full Exploration
17:42:25  INFO  =================================================================
17:42:25  INFO  Data directory : data
17:42:25  INFO  Output directory: results
17:42:25  INFO  
[1/9] Loading all subjects...
17:42:25  INFO  Found 9 subjects: [1, 2, 3, 4, 5, 6, 7, 8, 9]
17:42:25  INFO  Loading subject 01...
17:42:25  INFO    Subject 01 | session 1 | B0101T.gdf
17:42:26  INFO    Subject 01 | session 2 | B0102T.gdf
17:42:28  INFO    Subject 01 | session 3 | B0103T.gdf
17:42:28  INFO  Loading subject 02...
17:42:28  INFO    Subject 02 | session 1 | B0201T.gdf
17:42:29  INFO    Subject 02 | session 2 | B0202T.gdf
17:42:30  INFO    Subject 02 | session 3 | B0203T.gdf
17:42:31  INFO  Loading subject 03...
17:42:31  INFO    Subject 03 | session 1 | B0301T.gdf
17:42:32  INFO    Subject 03 | session 2 | B0302T.gdf
17:42:33  INFO    Subject 03 | session 3 | B0303T.gdf
17:42:34  INFO  Loading subject 04...
17:42:34  INFO    Subject 04 | session 1 | B0401T.gdf
17:42:35  INFO    Subject 04 | session 2 | B0402T.gdf
17:42:36  INFO    Subject 04 | session 3 | B0403T.gdf
17:42:37  INFO  Loading subject 05...
17:42:37  INFO    Subject 05 | session 1 | B0501T.gdf
17:42:38  INFO    Subject 05 | session 2 | B0502T.gdf
17:42:39  INFO    Subject 05 | session 3 | B0503T.gdf
17:42:40  INFO  Loading subject 06...
17:42:40  INFO    Subject 06 | session 1 | B0601T.gdf
17:42:41  INFO    Subject 06 | session 2 | B0602T.gdf
17:42:42  INFO    Subject 06 | session 3 | B0603T.gdf
17:42:42  INFO  Loading subject 07...
17:42:42  INFO    Subject 07 | session 1 | B0701T.gdf
17:42:43  INFO    Subject 07 | session 2 | B0702T.gdf
17:42:44  INFO    Subject 07 | session 3 | B0703T.gdf
17:42:45  INFO  Loading subject 08...
17:42:45  INFO    Subject 08 | session 1 | B0801T.gdf
17:42:46  INFO    Subject 08 | session 2 | B0802T.gdf
17:42:47  INFO    Subject 08 | session 3 | B0803T.gdf
17:42:48  INFO  Loading subject 09...
17:42:48  INFO    Subject 09 | session 1 | B0901T.gdf
17:42:49  INFO    Subject 09 | session 2 | B0902T.gdf
17:42:50  INFO    Subject 09 | session 3 | B0903T.gdf
17:44:13  INFO  =================================================================
17:44:13  INFO  BCI Competition IV Dataset 2b — Full Exploration
17:44:13  INFO  =================================================================
17:44:13  INFO  Data directory : data
17:44:13  INFO  Output directory: results
17:44:13  INFO  
[1/9] Loading all subjects...
17:44:13  INFO  Found 9 subjects: [1, 2, 3, 4, 5, 6, 7, 8, 9]
17:44:13  INFO  Loading subject 01...
17:44:13  INFO    Subject 01 | session 1 | B0101T.gdf
17:44:14  INFO    Subject 01 | session 2 | B0102T.gdf
17:44:15  INFO    Subject 01 | session 3 | B0103T.gdf
17:44:15  INFO  Loading subject 02...
17:44:15  INFO    Subject 02 | session 1 | B0201T.gdf
17:44:16  INFO    Subject 02 | session 2 | B0202T.gdf
17:44:17  INFO    Subject 02 | session 3 | B0203T.gdf
17:44:18  INFO  Loading subject 03...
17:44:18  INFO    Subject 03 | session 1 | B0301T.gdf
17:44:19  INFO    Subject 03 | session 2 | B0302T.gdf
17:44:20  INFO    Subject 03 | session 3 | B0303T.gdf
17:44:20  INFO  Loading subject 04...
17:44:20  INFO    Subject 04 | session 1 | B0401T.gdf
17:44:21  INFO    Subject 04 | session 2 | B0402T.gdf
17:44:22  INFO    Subject 04 | session 3 | B0403T.gdf
17:44:23  INFO  Loading subject 05...
17:44:23  INFO    Subject 05 | session 1 | B0501T.gdf
17:44:24  INFO    Subject 05 | session 2 | B0502T.gdf
17:44:25  INFO    Subject 05 | session 3 | B0503T.gdf
17:44:26  INFO  Loading subject 06...
17:44:26  INFO    Subject 06 | session 1 | B0601T.gdf
17:44:27  INFO    Subject 06 | session 2 | B0602T.gdf
17:44:28  INFO    Subject 06 | session 3 | B0603T.gdf
17:44:28  INFO  Loading subject 07...
17:44:28  INFO    Subject 07 | session 1 | B0701T.gdf
17:44:29  INFO    Subject 07 | session 2 | B0702T.gdf
17:44:30  INFO    Subject 07 | session 3 | B0703T.gdf
17:44:31  INFO  Loading subject 08...
17:44:31  INFO    Subject 08 | session 1 | B0801T.gdf
17:44:32  INFO    Subject 08 | session 2 | B0802T.gdf
17:44:33  INFO    Subject 08 | session 3 | B0803T.gdf
17:44:34  INFO  Loading subject 09...
17:44:34  INFO    Subject 09 | session 1 | B0901T.gdf
17:44:34  INFO    Subject 09 | session 2 | B0902T.gdf
17:44:35  INFO    Subject 09 | session 3 | B0903T.gdf
17:44:36  INFO    Successfully loaded 9 subjects
17:44:36  INFO  
[2/9] Dataset overview figure...
17:44:36  INFO  Figure 01: Dataset overview
17:44:37  INFO  Figure 14: Artifact summary
17:44:38  INFO  
[3/9] Power spectral density figures...
17:44:38  INFO  Figure 02: Raw PSD per subject
17:44:46  INFO  Figure 03: Grand-average PSD
17:44:49  INFO  
[4/9] ERD/ERS figures...
17:44:49  INFO  Figure 04: Grand-average ERD/ERS
17:44:52  INFO  Figure 05: ERD/ERS per subject
17:45:04  INFO  
[5/9] Channel correlation figure...
17:45:04  INFO  Figure 06: Channel correlation matrices
17:45:05  INFO  
[6/9] Stationarity analysis...
17:45:05  INFO  Figure 07: Stationarity (ADF) analysis
17:49:06  INFO    Note: EEG epochs are expected to be largely stationary within short windows.
17:49:06  INFO  
[7/9] Autocorrelation / PACF...
17:49:06  INFO  Figure 08: Autocorrelation / PACF
17:49:09  INFO  
[8/9] Inter-channel coherence...
17:49:09  INFO  Figure 09: Inter-channel coherence
17:49:44  INFO  
[9/9] CSP, SNR, variability, summary stats...
17:49:44  INFO  Figures 10–11: CSP patterns and feature scatter
17:49:47  INFO    CSP+LDA cross-val accuracy: 0.622 ± 0.015
17:49:47  INFO  Figure 12: SNR per subject
17:49:48  INFO  Figure 13: Trial-to-trial variability
17:49:49  INFO  Exporting summary statistics tables
17:49:49  INFO    Saved summary_stats.csv (108 rows)
17:49:49  INFO    Saved grand_summary.csv (12 rows)
17:49:49  INFO  
=================================================================
17:49:49  INFO  DONE. Summary of outputs:
17:49:49  INFO    Figures : results/figures
17:49:49  INFO    Exports : results/exports
17:49:49  INFO    Log     : results/logs/analysis.log
17:49:49  INFO  
  CSP+LDA cross-val (grand): 0.622 ± 0.015
17:49:49  INFO  
Key interpretive notes:
17:49:49  INFO    · ERD (negative values) in mu/beta = motor imagery activation
17:49:49  INFO    · C3 ERD → right hand imagery; C4 ERD → left hand imagery
17:49:49  INFO    · Stationarity: EEG epochs SHOULD be mostly stationary (<2.5s)
17:49:49  INFO    · Autocorrelation peaks encode oscillation period, NOT forecast structure
17:49:49  INFO    · CSP maximises variance ratio between classes — ideal for BCI paradigms
17:49:49  INFO  =================================================================
18:08:45  INFO  =================================================================
18:08:45  INFO  BCI Competition IV Dataset 2b — Full Exploration
18:08:45  INFO  =================================================================
18:08:45  INFO  Data directory : /home/robert/TAI/MachineLearning/bci-project/data
18:08:45  INFO  Output directory: /home/robert/TAI/MachineLearning/bci-project/results
18:08:45  INFO  
[1/9] Loading all subjects...
18:08:45  INFO  Found 9 subjects: [1, 2, 3, 4, 5, 6, 7, 8, 9]
18:08:45  INFO  Loading subject 01...
18:08:45  INFO    Subject 01 | session 1 | B0101T.gdf
18:08:46  INFO    Subject 01 | session 2 | B0102T.gdf
12:31:51  INFO  =================================================================
12:31:51  INFO  BCI Competition IV Dataset 2b — Full Exploration
12:31:51  INFO  =================================================================
12:31:51  INFO  Data directory : /home/robert/TAI/MachineLearning/bci-project/data/bci_comp
12:31:51  INFO  Output directory: /home/robert/TAI/MachineLearning/bci-project/results
12:31:51  INFO  
[1/9] Loading all subjects...
12:31:51  INFO  Found 9 subjects: [1, 2, 3, 4, 5, 6, 7, 8, 9]
12:31:51  INFO  Loading subject 01...
12:31:51  INFO    Subject 01 | session 1 | B0101T.gdf
12:31:52  INFO    Subject 01 | session 2 | B0102T.gdf
12:31:53  INFO    Subject 01 | session 3 | B0103T.gdf
12:31:54  INFO  Loading subject 02...
12:31:54  INFO    Subject 02 | session 1 | B0201T.gdf
12:31:55  INFO    Subject 02 | session 2 | B0202T.gdf
12:31:56  INFO    Subject 02 | session 3 | B0203T.gdf
12:31:56  INFO  Loading subject 03...
12:31:56  INFO    Subject 03 | session 1 | B0301T.gdf
12:31:58  INFO    Subject 03 | session 2 | B0302T.gdf
12:31:59  INFO    Subject 03 | session 3 | B0303T.gdf
12:32:00  INFO  Loading subject 04...
12:32:00  INFO    Subject 04 | session 1 | B0401T.gdf
12:32:01  INFO    Subject 04 | session 2 | B0402T.gdf
12:32:03  INFO    Subject 04 | session 3 | B0403T.gdf
12:32:04  INFO  Loading subject 05...
12:32:04  INFO    Subject 05 | session 1 | B0501T.gdf
12:32:05  INFO    Subject 05 | session 2 | B0502T.gdf
12:32:07  INFO    Subject 05 | session 3 | B0503T.gdf
12:32:08  INFO  Loading subject 06...
12:32:08  INFO    Subject 06 | session 1 | B0601T.gdf
12:32:09  INFO    Subject 06 | session 2 | B0602T.gdf
12:32:10  INFO    Subject 06 | session 3 | B0603T.gdf
12:32:10  INFO  Loading subject 07...
12:32:10  INFO    Subject 07 | session 1 | B0701T.gdf
12:32:12  INFO    Subject 07 | session 2 | B0702T.gdf
12:32:13  INFO    Subject 07 | session 3 | B0703T.gdf
12:32:13  INFO  Loading subject 08...
12:32:13  INFO    Subject 08 | session 1 | B0801T.gdf
12:32:15  INFO    Subject 08 | session 2 | B0802T.gdf
12:32:16  INFO    Subject 08 | session 3 | B0803T.gdf
12:32:16  INFO  Loading subject 09...
12:32:16  INFO    Subject 09 | session 1 | B0901T.gdf
12:32:17  INFO    Subject 09 | session 2 | B0902T.gdf
12:32:18  INFO    Subject 09 | session 3 | B0903T.gdf
12:32:20  INFO    Successfully loaded 9 subjects
12:32:20  INFO  
[2/9] Dataset overview figure...
12:32:20  INFO  Figure 01: Dataset overview
12:32:21  INFO  Figure 14: Artifact summary
12:32:21  INFO  
[3/9] Power spectral density figures...
12:32:21  INFO  Figure 02: Raw PSD per subject
12:32:32  INFO  Figure 03: Grand-average PSD
12:32:36  INFO  
[4/9] ERD/ERS figures...
12:32:36  INFO  Figure 04: Grand-average ERD/ERS
12:32:39  INFO  Figure 05: ERD/ERS per subject
12:32:52  INFO  
[5/9] Channel correlation figure...
12:32:52  INFO  Figure 06: Channel correlation matrices
12:32:53  INFO  
[6/9] Stationarity analysis...
12:32:53  INFO  Figure 07: Stationarity (ADF) analysis
12:38:02  INFO    Note: EEG epochs are expected to be largely stationary within short windows.
12:38:02  INFO  
[7/9] Autocorrelation / PACF...
12:38:02  INFO  Figure 08: Autocorrelation / PACF
12:38:04  INFO  
[8/9] Inter-channel coherence...
12:38:04  INFO  Figure 09: Inter-channel coherence
12:38:47  INFO  
[9/9] CSP, SNR, variability, summary stats...
12:38:47  INFO  Figures 10–11: CSP patterns and feature scatter
12:38:51  INFO    CSP+LDA cross-val accuracy: 0.622 ± 0.015
12:38:51  INFO  Figure 12: SNR per subject
12:38:52  INFO  Figure 13: Trial-to-trial variability
12:38:52  INFO  Exporting summary statistics tables
12:38:53  INFO    Saved summary_stats.csv (108 rows)
12:38:53  INFO    Saved grand_summary.csv (12 rows)
12:38:53  INFO  
=================================================================
12:38:53  INFO  DONE. Summary of outputs:
12:38:53  INFO    Figures : /home/robert/TAI/MachineLearning/bci-project/results/figures
12:38:53  INFO    Exports : /home/robert/TAI/MachineLearning/bci-project/results/exports
12:38:53  INFO    Log     : /home/robert/TAI/MachineLearning/bci-project/results/logs/analysis.log
12:38:53  INFO  
  CSP+LDA cross-val (grand): 0.622 ± 0.015
12:38:53  INFO  
Key interpretive notes:
12:38:53  INFO    · ERD (negative values) in mu/beta = motor imagery activation
12:38:53  INFO    · C3 ERD → right hand imagery; C4 ERD → left hand imagery
12:38:53  INFO    · Stationarity: EEG epochs SHOULD be mostly stationary (<2.5s)
12:38:53  INFO    · Autocorrelation peaks encode oscillation period, NOT forecast structure
12:38:53  INFO    · CSP maximises variance ratio between classes — ideal for BCI paradigms
12:38:53  INFO  =================================================================
